#
# There is insufficient memory for the Java Runtime Environment to continue.
# Native memory allocation (mmap) failed to map 67108864 bytes for Failed to commit area from 0x00000000c1c00000 to 0x00000000c5c00000 of length 67108864.
# Possible reasons:
#   The system is out of physical RAM or swap space
#   The process is running with CompressedOops enabled, and the Java Heap may be blocking the growth of the native heap
# Possible solutions:
#   Reduce memory load on the system
#   Increase physical memory or swap space
#   Check if swap backing store is full
#   Decrease Java heap size (-Xmx/-Xms)
#   Decrease number of Java threads
#   Decrease Java thread stack sizes (-Xss)
#   Set larger code cache with -XX:ReservedCodeCacheSize=
# This output file may be truncated or incomplete.
#
#  Out of Memory Error (./src/hotspot/os/windows/os_windows.cpp:3301), pid=10372, tid=9568
#
# JRE version:  (11.0.10) (build )
# Java VM: OpenJDK 64-Bit Server VM (11.0.10+0-b96-7249189, mixed mode, sharing, tiered, compressed oops, g1 gc, windows-amd64)
# No core dump will be written. Minidumps are not enabled by default on client versions of Windows
#

---------------  S U M M A R Y ------------

Command Line: org.jetbrains.git4idea.http.GitAskPassApp Username for 'https://github.com': 

Host: Intel(R) Pentium(R) CPU 5405U @ 2.30GHz, 4 cores, 3G,  Windows 10 , 64 bit Build 19041 (10.0.19041.1202)
Time: Fri Oct 15 00:46:23 2021 Eastern Daylight Time elapsed time: 0.038155 seconds (0d 0h 0m 0s)

---------------  T H R E A D  ---------------

Current thread (0x00000158cc98c000):  JavaThread "Unknown thread" [_thread_in_vm, id=9568, stack(0x000000504da00000,0x000000504db00000)]

Stack: [0x000000504da00000,0x000000504db00000]
Native frames: (J=compiled Java code, j=interpreted, Vv=VM code, C=native code)
V  [jvm.dll+0x5ecfaa]
V  [jvm.dll+0x722bd5]
V  [jvm.dll+0x72412d]
V  [jvm.dll+0x7247e3]
V  [jvm.dll+0x242928]
V  [jvm.dll+0x5ea374]
V  [jvm.dll+0x5df425]
V  [jvm.dll+0x2fdebb]
V  [jvm.dll+0x2fde2a]
V  [jvm.dll+0x2fdd02]
V  [jvm.dll+0x302bf6]
V  [jvm.dll+0x34b2a3]
V  [jvm.dll+0x34b9a6]
V  [jvm.dll+0x34b3a3]
V  [jvm.dll+0x2d8888]
V  [jvm.dll+0x2d9a37]
V  [jvm.dll+0x701737]
V  [jvm.dll+0x702f2c]
V  [jvm.dll+0x3587d9]
V  [jvm.dll+0x6e4fae]
V  [jvm.dll+0x3c0be3]
V  [jvm.dll+0x3c2e91]
C  [jli.dll+0x5373]
C  [ucrtbase.dll+0x21bb2]
C  [KERNEL32.DLL+0x17034]
C  [ntdll.dll+0x52651]


---------------  P R O C E S S  ---------------

Threads class SMR info:
_java_thread_list=0x00000158ca7bfd50, length=0, elements={
}

Java Threads: ( => current thread )

Other Threads:
  0x00000158cc9a3800 GCTaskThread "GC Thread#0" [stack: 0x000000504db00000,0x000000504dc00000] [id=8844]
  0x00000158cc9bf000 ConcurrentGCThread "G1 Main Marker" [stack: 0x000000504dc00000,0x000000504dd00000] [id=7504]
  0x00000158cc9c2000 ConcurrentGCThread "G1 Conc#0" [stack: 0x000000504dd00000,0x000000504de00000] [id=5916]

[error occurred during error reporting (printing all threads), id 0xc0000005, EXCEPTION_ACCESS_VIOLATION (0xc0000005) at pc=0x00007ff87b929107]

VM state:not at safepoint (not fully initialized)

VM Mutex/Monitor currently owned by a thread:  ([mutex/lock_event])
[0x00000158cc988130] Heap_lock - owner thread: 0x00000158cc98c000

Heap address: 0x00000000c1c00000, size: 996 MB, Compressed Oops mode: Non-zero based: 0x00000000c1c00000
Narrow klass base: 0x0000000000000000, Narrow klass shift: 0

GC Heap History (0 events):
No events

Deoptimization events (0 events):
No events

Classes redefined (0 events):
No events

Internal exceptions (0 events):
No events

Events (1 events):
Event: 0.016 Loaded shared library C:\Program Files\Android\Android Studio\jre\bin\zip.dll


Dynamic libraries:
0x00007ff70e1f0000 - 0x00007ff70e1fa000 	C:\Program Files\Android\Android Studio\jre\bin\java.exe
0x00007ff8b8a50000 - 0x00007ff8b8c45000 	C:\WINDOWS\SYSTEM32\ntdll.dll
0x00007ff8b7c20000 - 0x00007ff8b7cde000 	C:\WINDOWS\System32\KERNEL32.DLL
0x00007ff8b6560000 - 0x00007ff8b6829000 	C:\WINDOWS\System32\KERNELBASE.dll
0x00007ff8b6970000 - 0x00007ff8b6a70000 	C:\WINDOWS\System32\ucrtbase.dll
0x00007ff89a350000 - 0x00007ff89a369000 	C:\Program Files\Android\Android Studio\jre\bin\jli.dll
0x00007ff89a330000 - 0x00007ff89a347000 	C:\Program Files\Android\Android Studio\jre\bin\VCRUNTIME140.dll
0x00007ff8b7710000 - 0x00007ff8b78b1000 	C:\WINDOWS\System32\USER32.dll
0x00007ff8b6a70000 - 0x00007ff8b6a92000 	C:\WINDOWS\System32\win32u.dll
0x00007ff89dc70000 - 0x00007ff89df0a000 	C:\WINDOWS\WinSxS\amd64_microsoft.windows.common-controls_6595b64144ccf1df_6.0.19041.1110_none_60b5254171f9507e\COMCTL32.dll
0x00007ff8b8460000 - 0x00007ff8b848b000 	C:\WINDOWS\System32\GDI32.dll
0x00007ff8b73a0000 - 0x00007ff8b743e000 	C:\WINDOWS\System32\msvcrt.dll
0x00007ff8b6450000 - 0x00007ff8b655b000 	C:\WINDOWS\System32\gdi32full.dll
0x00007ff8b6320000 - 0x00007ff8b63bd000 	C:\WINDOWS\System32\msvcp_win.dll
0x00007ff8b7540000 - 0x00007ff8b7570000 	C:\WINDOWS\System32\IMM32.DLL
0x00007ff881aa0000 - 0x00007ff881b3d000 	C:\Program Files\Android\Android Studio\jre\bin\msvcp140.dll
0x00007ff87b640000 - 0x00007ff87c10f000 	C:\Program Files\Android\Android Studio\jre\bin\server\jvm.dll
0x00007ff8b8860000 - 0x00007ff8b890c000 	C:\WINDOWS\System32\ADVAPI32.dll
0x00007ff8b8970000 - 0x00007ff8b8a0b000 	C:\WINDOWS\System32\sechost.dll
0x00007ff8b75d0000 - 0x00007ff8b76fa000 	C:\WINDOWS\System32\RPCRT4.dll
0x00007ff8b74a0000 - 0x00007ff8b74a8000 	C:\WINDOWS\System32\PSAPI.DLL
0x00007ff8ad5b0000 - 0x00007ff8ad5b9000 	C:\WINDOWS\SYSTEM32\WSOCK32.dll
0x00007ff8b7ea0000 - 0x00007ff8b7f0b000 	C:\WINDOWS\System32\WS2_32.dll
0x00007ff899080000 - 0x00007ff8990a7000 	C:\WINDOWS\SYSTEM32\WINMM.dll
0x00007ff8af890000 - 0x00007ff8af89a000 	C:\WINDOWS\SYSTEM32\VERSION.dll
0x00007ff8b4c60000 - 0x00007ff8b4c72000 	C:\WINDOWS\SYSTEM32\kernel.appcore.dll
0x00007ff8b23a0000 - 0x00007ff8b23b1000 	C:\Program Files\Android\Android Studio\jre\bin\verify.dll
0x00007ff8b4700000 - 0x00007ff8b48e4000 	C:\WINDOWS\SYSTEM32\DBGHELP.DLL
0x00007ff8a0b60000 - 0x00007ff8a0b8c000 	C:\WINDOWS\SYSTEM32\dbgcore.DLL
0x00007ff8b68e0000 - 0x00007ff8b6963000 	C:\WINDOWS\System32\bcryptPrimitives.dll
0x00007ff89bea0000 - 0x00007ff89bec9000 	C:\Program Files\Android\Android Studio\jre\bin\java.dll
0x00007ff8b2310000 - 0x00007ff8b231b000 	C:\Program Files\Android\Android Studio\jre\bin\jimage.dll
0x00007ff8b0b60000 - 0x00007ff8b0b78000 	C:\Program Files\Android\Android Studio\jre\bin\zip.dll

dbghelp: loaded successfully - version: 4.0.5 - missing functions: none
symbol engine: initialized successfully - sym options: 0x614 - pdb path: .;C:\Program Files\Android\Android Studio\jre\bin;C:\WINDOWS\SYSTEM32;C:\WINDOWS\WinSxS\amd64_microsoft.windows.common-controls_6595b64144ccf1df_6.0.19041.1110_none_60b5254171f9507e;C:\Program Files\Android\Android Studio\jre\bin\server

VM Arguments:
java_command: org.jetbrains.git4idea.http.GitAskPassApp Username for 'https://github.com': 
java_class_path (initial): C:/Program Files/Android/Android Studio/plugins/git4idea/lib/git4idea-rt.jar;C:/Program Files/Android/Android Studio/lib/xmlrpc-2.0.1.jar;C:/Program Files/Android/Android Studio/lib/commons-codec-1.14.jar
Launcher Type: SUN_STANDARD

[Global flags]
     intx CICompilerCount                          = 3                                         {product} {ergonomic}
     uint ConcGCThreads                            = 1                                         {product} {ergonomic}
     uint G1ConcRefinementThreads                  = 4                                         {product} {ergonomic}
   size_t G1HeapRegionSize                         = 1048576                                   {product} {ergonomic}
    uintx GCDrainStackTargetSize                   = 64                                        {product} {ergonomic}
   size_t InitialHeapSize                          = 67108864                                  {product} {ergonomic}
   size_t MarkStackSize                            = 4194304                                   {product} {ergonomic}
   size_t MaxHeapSize                              = 1044381696                                {product} {ergonomic}
   size_t MinHeapDeltaBytes                        = 1048576                                   {product} {ergonomic}
    uintx NonNMethodCodeHeapSize                   = 5830732                                {pd product} {ergonomic}
    uintx NonProfiledCodeHeapSize                  = 122913754                              {pd product} {ergonomic}
    uintx ProfiledCodeHeapSize                     = 122913754                              {pd product} {ergonomic}
    uintx ReservedCodeCacheSize                    = 251658240                              {pd product} {ergonomic}
     bool SegmentedCodeCache                       = true                                      {product} {ergonomic}
     bool UseCompressedClassPointers               = true                                 {lp64_product} {ergonomic}
     bool UseCompressedOops                        = true                                 {lp64_product} {ergonomic}
     bool UseG1GC                                  = true                                      {product} {ergonomic}
     bool UseLargePagesIndividualAllocation        = false                                  {pd product} {ergonomic}

Logging:
Log output configuration:
 #0: stdout all=warning uptime,level,tags
 #1: stderr all=off uptime,level,tags

Environment Variables:
PATH=D:\Git\mingw64\libexec\git-core;D:\Git\mingw64\libexec\git-core;D:\Git\mingw64\bin;D:\Git\usr\bin;C:\Users\13017\bin;C:\Program Files (x86)\Common Files\Oracle\Java\javapath;C:\WINDOWS\system32;C:\WINDOWS;C:\WINDOWS\System32\Wbem;C:\WINDOWS\System32\WindowsPowerShell\v1.0;C:\WINDOWS\System32\OpenSSH;C:\Program Files (x86)\QuickTime\QTSystem;D:\Git\cmd;C:\Users\13017\AppData\Local\Microsoft\WindowsApps
USERNAME=13017
DISPLAY=:0.0
LC_ALL=en_US.UTF-8
OS=Windows_NT
PROCESSOR_IDENTIFIER=Intel64 Family 6 Model 142 Stepping 12, GenuineIntel



---------------  S Y S T E M  ---------------

OS: Windows 10 , 64 bit Build 19041 (10.0.19041.1202)
OS uptime: 15 days 1:17 hours

CPU:total 4 (initial active 4) (2 cores per cpu, 2 threads per core) family 6 model 142 stepping 12 microcode 0xca, cmov, cx8, fxsr, mmx, sse, sse2, sse3, ssse3, sse4.1, sse4.2, popcnt, aes, clmul, erms, 3dnowpref, lzcnt, ht, tsc, tscinvbit

Memory: 4k page, system-wide physical 3983M (282M free)
TotalPageFile size 10796M (AvailPageFile size 45M)
current process WorkingSet (physical memory assigned to process): 9M, peak: 9M
current process commit charge ("private bytes"): 51M, peak: 115M

vm_info: OpenJDK 64-Bit Server VM (11.0.10+0-b96-7249189) for windows-amd64 JRE (11.0.10+0-b96-7249189), built on Mar 31 2021 21:44:00 by "builder" with MS VC++ 14.0 (VS2015)

END.
